-------------------------------------------------------------------------------
Test set: com.nagarro.empDBManagement.EmployeeManagementApplicationTests
-------------------------------------------------------------------------------
Tests run: 1, Failures: 0, Errors: 1, Skipped: 0, Time elapsed: 0.689 s <<< FAILURE! - in com.nagarro.empDBManagement.EmployeeManagementApplicationTests
com.nagarro.empDBManagement.EmployeeManagementApplicationTests  Time elapsed: 0.686 s  <<< ERROR!
java.lang.IllegalStateException: Unable to find a @SpringBootConfiguration, you need to use @ContextConfiguration or @SpringBootTest(classes=...) with your test

